[2023-05-26 19:52:26.981997 +07:00] [I] [T 1468]: init log
[2023-05-26 19:52:26.982270 +07:00] [I] [T 1468]: Version: 01.06.00.10
[2023-05-26 19:52:26.982278 +07:00] [I] [T 1468]: Agent: set_cert_dir_name, dir=C:\Program Files\OrcaSlicer_V1.6.3-beta_Win64\resources/cert, name=slicer_base64.cer
[2023-05-26 19:52:26.982334 +07:00] [I] [T 1468]: set_on_server_connected_fn
[2023-05-26 19:52:26.982338 +07:00] [I] [T 1468]: set_on_printer_connected_fn
[2023-05-26 19:52:26.982340 +07:00] [I] [T 1468]: set_get_country_code_fn
[2023-05-26 19:52:26.982341 +07:00] [I] [T 1468]: set_on_local_connect_fn
[2023-05-26 19:52:26.982341 +07:00] [I] [T 1468]: set_on_message_fn
[2023-05-26 19:52:26.982342 +07:00] [I] [T 1468]: set_on_local_message_fn
[2023-05-26 19:52:26.982358 +07:00] [I] [T 1468]: set host to https://api.bambulab.com/v1
[2023-05-26 19:52:26.982359 +07:00] [I] [T 1468]: region update iot = https://api.bambulab.com/v1
[2023-05-26 19:52:26.982359 +07:00] [I] [T 1468]: region update api = https://api.bambulab.com/
[2023-05-26 19:52:26.982360 +07:00] [I] [T 1468]: region update mqtt = ssl://us.mqtt.bambulab.com:8883
[2023-05-26 19:52:26.982360 +07:00] [I] [T 1468]: region update tutk = US
[2023-05-26 19:52:26.982360 +07:00] [I] [T 1468]: region update base domain = bambulab.com
[2023-05-26 19:52:26.982361 +07:00] [I] [T 1468]: region update environment = 
[2023-05-26 19:52:26.982361 +07:00] [I] [T 1468]: region update wifi_code = DE
[2023-05-26 19:52:26.982362 +07:00] [I] [T 1468]: region update design = https://bambulab.com
[2023-05-26 19:52:26.982364 +07:00] [I] [T 1468]: Agent: load_config
[2023-05-26 19:52:26.986082 +07:00] [I] [T 1468]: load_user_info
[2023-05-26 19:52:26.986088 +07:00] [I] [T 1468]: save_user_info
[2023-05-26 19:52:32.981860 +07:00] [I] [T 1468]: set_on_http_error_fn
[2023-05-26 19:52:32.981870 +07:00] [I] [T 1468]: ssdp: stop()
[2023-05-26 19:52:32.989681 +07:00] [I] [T 1468]: SsdpDiscovery:start_ssdp with card number = 2
[2023-05-26 19:52:32.989793 +07:00] [I] [T 1468]: SsdpDiscovery::start_discover(), create thread 0
[2023-05-26 19:52:32.989863 +07:00] [I] [T 1468]: SsdpDiscovery::start_discover(), create thread 1
[2023-05-26 20:07:25.109972 +07:00] [I] [T 1468]: stop_subscribe, machine = , module = app
[2023-05-26 20:53:14.617002 +07:00] [I] [T 1468]: ssdp: stop()
[2023-05-26 20:53:14.817820 +07:00] [I] [T 1468]: SsdpDiscovery::stop_discover(), join thread 0
[2023-05-26 20:53:15.020189 +07:00] [I] [T 1468]: SsdpDiscovery::stop_discover(), join thread 1
[2023-05-26 20:53:15.020216 +07:00] [I] [T 1468]: Agent: save_config
