[2023-05-27 17:18:19.284835 +07:00] [I] [T 17276]: init log
[2023-05-27 17:18:19.285152 +07:00] [I] [T 17276]: Version: 01.06.00.10
[2023-05-27 17:18:19.285164 +07:00] [I] [T 17276]: Agent: set_cert_dir_name, dir=C:\Program Files\OrcaSlicer_V1.6.3-beta_Win64\resources/cert, name=slicer_base64.cer
[2023-05-27 17:18:19.285511 +07:00] [I] [T 17276]: set_on_server_connected_fn
[2023-05-27 17:18:19.285519 +07:00] [I] [T 17276]: set_on_printer_connected_fn
[2023-05-27 17:18:19.285523 +07:00] [I] [T 17276]: set_get_country_code_fn
[2023-05-27 17:18:19.285524 +07:00] [I] [T 17276]: set_on_local_connect_fn
[2023-05-27 17:18:19.285525 +07:00] [I] [T 17276]: set_on_message_fn
[2023-05-27 17:18:19.285526 +07:00] [I] [T 17276]: set_on_local_message_fn
[2023-05-27 17:18:19.285670 +07:00] [I] [T 17276]: set host to https://api.bambulab.com/v1
[2023-05-27 17:18:19.285673 +07:00] [I] [T 17276]: region update iot = https://api.bambulab.com/v1
[2023-05-27 17:18:19.285673 +07:00] [I] [T 17276]: region update api = https://api.bambulab.com/
[2023-05-27 17:18:19.285674 +07:00] [I] [T 17276]: region update mqtt = ssl://us.mqtt.bambulab.com:8883
[2023-05-27 17:18:19.285674 +07:00] [I] [T 17276]: region update tutk = US
[2023-05-27 17:18:19.285674 +07:00] [I] [T 17276]: region update base domain = bambulab.com
[2023-05-27 17:18:19.285675 +07:00] [I] [T 17276]: region update environment = 
[2023-05-27 17:18:19.285675 +07:00] [I] [T 17276]: region update wifi_code = DE
[2023-05-27 17:18:19.285676 +07:00] [I] [T 17276]: region update design = https://bambulab.com
[2023-05-27 17:18:19.285681 +07:00] [I] [T 17276]: Agent: load_config
[2023-05-27 17:18:19.289566 +07:00] [I] [T 17276]: load_user_info
[2023-05-27 17:18:19.289574 +07:00] [I] [T 17276]: save_user_info
[2023-05-27 17:18:25.613359 +07:00] [I] [T 17276]: set_on_http_error_fn
[2023-05-27 17:18:25.613375 +07:00] [I] [T 17276]: ssdp: stop()
[2023-05-27 17:18:25.620847 +07:00] [I] [T 17276]: SsdpDiscovery:start_ssdp with card number = 2
[2023-05-27 17:18:25.620947 +07:00] [I] [T 17276]: SsdpDiscovery::start_discover(), create thread 0
[2023-05-27 17:18:25.621012 +07:00] [I] [T 17276]: SsdpDiscovery::start_discover(), create thread 1
[2023-05-27 17:27:13.943973 +07:00] [I] [T 17276]: ssdp: stop()
[2023-05-27 17:27:14.153695 +07:00] [I] [T 17276]: SsdpDiscovery::stop_discover(), join thread 0
[2023-05-27 17:27:14.357197 +07:00] [I] [T 17276]: SsdpDiscovery::stop_discover(), join thread 1
[2023-05-27 17:27:14.357232 +07:00] [I] [T 17276]: Agent: save_config
