[2023-04-17 09:55:27.694141 +07:00] [I] [T 13692]: init log
[2023-04-17 09:55:27.694606 +07:00] [I] [T 13692]: init_log
[2023-04-17 09:55:27.694636 +07:00] [I] [T 13692]: Agent: set_cert_dir_name, dir=C:\Program Files\OrcaSlicer_V1.6.1_Win64\resources/cert, name=slicer_base64.cer
[2023-04-17 09:55:27.694707 +07:00] [I] [T 13692]: set_on_server_connected_fn
[2023-04-17 09:55:27.694713 +07:00] [I] [T 13692]: set_on_printer_connected_fn
[2023-04-17 09:55:27.694715 +07:00] [I] [T 13692]: set_get_country_code_fn
[2023-04-17 09:55:27.694716 +07:00] [I] [T 13692]: set_on_local_connect_fn
[2023-04-17 09:55:27.694720 +07:00] [I] [T 13692]: set_on_message_fn
[2023-04-17 09:55:27.694721 +07:00] [I] [T 13692]: set_on_local_message_fn
[2023-04-17 09:55:27.694763 +07:00] [I] [T 13692]: set host to https://api.bambulab.com/v1
[2023-04-17 09:55:27.694765 +07:00] [I] [T 13692]: region update iot = https://api.bambulab.com/v1
[2023-04-17 09:55:27.694766 +07:00] [I] [T 13692]: region update api = https://api.bambulab.com/
[2023-04-17 09:55:27.694766 +07:00] [I] [T 13692]: region update mqtt = ssl://us.mqtt.bambulab.com:8883
[2023-04-17 09:55:27.694767 +07:00] [I] [T 13692]: region update tutk = US
[2023-04-17 09:55:27.694768 +07:00] [I] [T 13692]: region update base domain = bambulab.com
[2023-04-17 09:55:27.694769 +07:00] [I] [T 13692]: region update environment = 
[2023-04-17 09:55:27.694769 +07:00] [I] [T 13692]: region update wifi_code = DE
[2023-04-17 09:55:27.694770 +07:00] [I] [T 13692]: region update design = https://bambulab.com
[2023-04-17 09:55:27.694775 +07:00] [I] [T 13692]: Agent: load_config
[2023-04-17 09:55:27.698701 +07:00] [I] [T 13692]: load_user_info
[2023-04-17 09:55:32.027533 +07:00] [I] [T 13692]: set_on_http_error_fn
[2023-04-17 09:55:32.027551 +07:00] [I] [T 13692]: ssdp: stop()
[2023-04-17 09:55:32.035861 +07:00] [I] [T 13692]: SsdpDiscovery:start_ssdp with card number = 2
[2023-04-17 09:55:32.035969 +07:00] [I] [T 13692]: SsdpDiscovery::start_discover(), create thread 0
[2023-04-17 09:55:32.036031 +07:00] [I] [T 13692]: SsdpDiscovery::start_discover(), create thread 1
[2023-04-17 09:55:34.459174 +07:00] [I] [T 13692]: ssdp: stop()
[2023-04-17 09:55:34.663928 +07:00] [I] [T 13692]: SsdpDiscovery::stop_discover(), join thread 0
[2023-04-17 09:55:34.868843 +07:00] [I] [T 13692]: SsdpDiscovery::stop_discover(), join thread 1
[2023-04-17 09:55:34.868871 +07:00] [I] [T 13692]: Agent: save_config
