[2023-07-03 02:37:53.930421 +07:00] [I] [T 19872]: init log
[2023-07-03 02:37:53.930685 +07:00] [I] [T 19872]: Version: 01.06.00.10
[2023-07-03 02:37:53.930691 +07:00] [I] [T 19872]: Agent: set_cert_dir_name, dir=C:\Program Files\OrcaSlicer_V1.6.3_Win64\resources/cert, name=slicer_base64.cer
[2023-07-03 02:37:53.930744 +07:00] [I] [T 19872]: set_on_server_connected_fn
[2023-07-03 02:37:53.930748 +07:00] [I] [T 19872]: set_on_printer_connected_fn
[2023-07-03 02:37:53.930750 +07:00] [I] [T 19872]: set_get_country_code_fn
[2023-07-03 02:37:53.930751 +07:00] [I] [T 19872]: set_on_local_connect_fn
[2023-07-03 02:37:53.930751 +07:00] [I] [T 19872]: set_on_message_fn
[2023-07-03 02:37:53.930752 +07:00] [I] [T 19872]: set_on_local_message_fn
[2023-07-03 02:37:53.930767 +07:00] [I] [T 19872]: set host to https://api.bambulab.com/v1
[2023-07-03 02:37:53.930768 +07:00] [I] [T 19872]: region update iot = https://api.bambulab.com/v1
[2023-07-03 02:37:53.930768 +07:00] [I] [T 19872]: region update api = https://api.bambulab.com/
[2023-07-03 02:37:53.930768 +07:00] [I] [T 19872]: region update mqtt = ssl://us.mqtt.bambulab.com:8883
[2023-07-03 02:37:53.930769 +07:00] [I] [T 19872]: region update tutk = US
[2023-07-03 02:37:53.930769 +07:00] [I] [T 19872]: region update base domain = bambulab.com
[2023-07-03 02:37:53.930770 +07:00] [I] [T 19872]: region update environment = 
[2023-07-03 02:37:53.930770 +07:00] [I] [T 19872]: region update wifi_code = DE
[2023-07-03 02:37:53.930771 +07:00] [I] [T 19872]: region update design = https://bambulab.com
[2023-07-03 02:37:53.930772 +07:00] [I] [T 19872]: Agent: load_config
[2023-07-03 02:37:53.931027 +07:00] [I] [T 19872]: load_user_info
[2023-07-03 02:37:53.931030 +07:00] [I] [T 19872]: save_user_info
[2023-07-03 02:38:00.031770 +07:00] [I] [T 19872]: set_on_http_error_fn
[2023-07-03 02:38:00.031780 +07:00] [I] [T 19872]: ssdp: stop()
[2023-07-03 02:38:00.039411 +07:00] [I] [T 19872]: SsdpDiscovery:start_ssdp with card number = 2
[2023-07-03 02:38:00.039509 +07:00] [I] [T 19872]: SsdpDiscovery::start_discover(), create thread 0
[2023-07-03 02:38:00.039577 +07:00] [I] [T 19872]: SsdpDiscovery::start_discover(), create thread 1
[2023-07-03 02:44:37.333033 +07:00] [I] [T 19872]: ssdp: stop()
[2023-07-03 02:44:37.540911 +07:00] [I] [T 19872]: SsdpDiscovery::stop_discover(), join thread 0
[2023-07-03 02:44:37.741165 +07:00] [I] [T 19872]: SsdpDiscovery::stop_discover(), join thread 1
[2023-07-03 02:44:37.741178 +07:00] [I] [T 19872]: Agent: save_config
