[2023-06-28 20:16:52.992157 +07:00] [I] [T 14808]: init log
[2023-06-28 20:16:52.992528 +07:00] [I] [T 14808]: Version: 01.06.00.10
[2023-06-28 20:16:52.992541 +07:00] [I] [T 14808]: Agent: set_cert_dir_name, dir=C:\Program Files\OrcaSlicer_V1.6.3_Win64\resources/cert, name=slicer_base64.cer
[2023-06-28 20:16:52.992615 +07:00] [I] [T 14808]: set_on_server_connected_fn
[2023-06-28 20:16:52.992619 +07:00] [I] [T 14808]: set_on_printer_connected_fn
[2023-06-28 20:16:52.992621 +07:00] [I] [T 14808]: set_get_country_code_fn
[2023-06-28 20:16:52.992622 +07:00] [I] [T 14808]: set_on_local_connect_fn
[2023-06-28 20:16:52.992623 +07:00] [I] [T 14808]: set_on_message_fn
[2023-06-28 20:16:52.992623 +07:00] [I] [T 14808]: set_on_local_message_fn
[2023-06-28 20:16:52.992639 +07:00] [I] [T 14808]: set host to https://api.bambulab.com/v1
[2023-06-28 20:16:52.992640 +07:00] [I] [T 14808]: region update iot = https://api.bambulab.com/v1
[2023-06-28 20:16:52.992641 +07:00] [I] [T 14808]: region update api = https://api.bambulab.com/
[2023-06-28 20:16:52.992641 +07:00] [I] [T 14808]: region update mqtt = ssl://us.mqtt.bambulab.com:8883
[2023-06-28 20:16:52.992642 +07:00] [I] [T 14808]: region update tutk = US
[2023-06-28 20:16:52.992642 +07:00] [I] [T 14808]: region update base domain = bambulab.com
[2023-06-28 20:16:52.992642 +07:00] [I] [T 14808]: region update environment = 
[2023-06-28 20:16:52.992643 +07:00] [I] [T 14808]: region update wifi_code = DE
[2023-06-28 20:16:52.992643 +07:00] [I] [T 14808]: region update design = https://bambulab.com
[2023-06-28 20:16:52.992645 +07:00] [I] [T 14808]: Agent: load_config
[2023-06-28 20:16:52.992941 +07:00] [I] [T 14808]: load_user_info
[2023-06-28 20:16:52.992944 +07:00] [I] [T 14808]: save_user_info
[2023-06-28 20:16:57.538369 +07:00] [I] [T 14808]: set_on_http_error_fn
[2023-06-28 20:16:57.538379 +07:00] [I] [T 14808]: ssdp: stop()
[2023-06-28 20:16:57.546628 +07:00] [I] [T 14808]: SsdpDiscovery:start_ssdp with card number = 2
[2023-06-28 20:16:57.547097 +07:00] [I] [T 14808]: SsdpDiscovery::start_discover(), create thread 0
[2023-06-28 20:16:57.547206 +07:00] [I] [T 14808]: SsdpDiscovery::start_discover(), create thread 1
[2023-06-28 20:31:52.890441 +07:00] [I] [T 14808]: stop_subscribe, machine = , module = app
[2023-06-28 20:35:44.111645 +07:00] [I] [T 14808]: ssdp: stop()
[2023-06-28 20:35:44.313082 +07:00] [I] [T 14808]: SsdpDiscovery::stop_discover(), join thread 0
[2023-06-28 20:35:44.514043 +07:00] [I] [T 14808]: SsdpDiscovery::stop_discover(), join thread 1
[2023-06-28 20:35:44.514470 +07:00] [I] [T 14808]: Agent: save_config
