[2023-07-03 01:26:45.515788 +07:00] [I] [T 3812]: init log
[2023-07-03 01:26:45.516064 +07:00] [I] [T 3812]: Version: 01.06.00.10
[2023-07-03 01:26:45.516074 +07:00] [I] [T 3812]: Agent: set_cert_dir_name, dir=C:\Program Files\OrcaSlicer_V1.6.3_Win64\resources/cert, name=slicer_base64.cer
[2023-07-03 01:26:45.516145 +07:00] [I] [T 3812]: set_on_server_connected_fn
[2023-07-03 01:26:45.516148 +07:00] [I] [T 3812]: set_on_printer_connected_fn
[2023-07-03 01:26:45.516150 +07:00] [I] [T 3812]: set_get_country_code_fn
[2023-07-03 01:26:45.516152 +07:00] [I] [T 3812]: set_on_local_connect_fn
[2023-07-03 01:26:45.516152 +07:00] [I] [T 3812]: set_on_message_fn
[2023-07-03 01:26:45.516153 +07:00] [I] [T 3812]: set_on_local_message_fn
[2023-07-03 01:26:45.516169 +07:00] [I] [T 3812]: set host to https://api.bambulab.com/v1
[2023-07-03 01:26:45.516170 +07:00] [I] [T 3812]: region update iot = https://api.bambulab.com/v1
[2023-07-03 01:26:45.516171 +07:00] [I] [T 3812]: region update api = https://api.bambulab.com/
[2023-07-03 01:26:45.516171 +07:00] [I] [T 3812]: region update mqtt = ssl://us.mqtt.bambulab.com:8883
[2023-07-03 01:26:45.516171 +07:00] [I] [T 3812]: region update tutk = US
[2023-07-03 01:26:45.516172 +07:00] [I] [T 3812]: region update base domain = bambulab.com
[2023-07-03 01:26:45.516172 +07:00] [I] [T 3812]: region update environment = 
[2023-07-03 01:26:45.516173 +07:00] [I] [T 3812]: region update wifi_code = DE
[2023-07-03 01:26:45.516173 +07:00] [I] [T 3812]: region update design = https://bambulab.com
[2023-07-03 01:26:45.516175 +07:00] [I] [T 3812]: Agent: load_config
[2023-07-03 01:26:45.520221 +07:00] [I] [T 3812]: load_user_info
[2023-07-03 01:26:45.520233 +07:00] [I] [T 3812]: save_user_info
[2023-07-03 01:26:52.733594 +07:00] [I] [T 3812]: set_on_http_error_fn
[2023-07-03 01:26:52.733608 +07:00] [I] [T 3812]: ssdp: stop()
[2023-07-03 01:26:52.741035 +07:00] [I] [T 3812]: SsdpDiscovery:start_ssdp with card number = 2
[2023-07-03 01:26:52.741148 +07:00] [I] [T 3812]: SsdpDiscovery::start_discover(), create thread 0
[2023-07-03 01:26:52.741207 +07:00] [I] [T 3812]: SsdpDiscovery::start_discover(), create thread 1
[2023-07-03 01:28:27.382232 +07:00] [I] [T 3812]: ssdp: stop()
[2023-07-03 01:28:27.598559 +07:00] [I] [T 3812]: SsdpDiscovery::stop_discover(), join thread 0
[2023-07-03 01:28:27.800212 +07:00] [I] [T 3812]: SsdpDiscovery::stop_discover(), join thread 1
[2023-07-03 01:28:27.800254 +07:00] [I] [T 3812]: Agent: save_config
