[2023-04-18 06:57:48.605173 +07:00] [I] [T 11644]: init log
[2023-04-18 06:57:48.605431 +07:00] [I] [T 11644]: init_log
[2023-04-18 06:57:48.605441 +07:00] [I] [T 11644]: Agent: set_cert_dir_name, dir=C:\Program Files\OrcaSlicer_V1.6.1_Win64\resources/cert, name=slicer_base64.cer
[2023-04-18 06:57:48.605489 +07:00] [I] [T 11644]: set_on_server_connected_fn
[2023-04-18 06:57:48.605492 +07:00] [I] [T 11644]: set_on_printer_connected_fn
[2023-04-18 06:57:48.605493 +07:00] [I] [T 11644]: set_get_country_code_fn
[2023-04-18 06:57:48.605493 +07:00] [I] [T 11644]: set_on_local_connect_fn
[2023-04-18 06:57:48.605496 +07:00] [I] [T 11644]: set_on_message_fn
[2023-04-18 06:57:48.605496 +07:00] [I] [T 11644]: set_on_local_message_fn
[2023-04-18 06:57:48.605511 +07:00] [I] [T 11644]: set host to https://api.bambulab.com/v1
[2023-04-18 06:57:48.605512 +07:00] [I] [T 11644]: region update iot = https://api.bambulab.com/v1
[2023-04-18 06:57:48.605512 +07:00] [I] [T 11644]: region update api = https://api.bambulab.com/
[2023-04-18 06:57:48.605513 +07:00] [I] [T 11644]: region update mqtt = ssl://us.mqtt.bambulab.com:8883
[2023-04-18 06:57:48.605513 +07:00] [I] [T 11644]: region update tutk = US
[2023-04-18 06:57:48.605514 +07:00] [I] [T 11644]: region update base domain = bambulab.com
[2023-04-18 06:57:48.605514 +07:00] [I] [T 11644]: region update environment = 
[2023-04-18 06:57:48.605515 +07:00] [I] [T 11644]: region update wifi_code = DE
[2023-04-18 06:57:48.605515 +07:00] [I] [T 11644]: region update design = https://bambulab.com
[2023-04-18 06:57:48.605517 +07:00] [I] [T 11644]: Agent: load_config
[2023-04-18 06:57:48.609353 +07:00] [I] [T 11644]: load_user_info
[2023-04-18 06:57:55.004417 +07:00] [I] [T 11644]: set_on_http_error_fn
[2023-04-18 06:57:55.004447 +07:00] [I] [T 11644]: ssdp: stop()
[2023-04-18 06:57:55.014401 +07:00] [I] [T 11644]: SsdpDiscovery:start_ssdp with card number = 2
[2023-04-18 06:57:55.014662 +07:00] [I] [T 11644]: SsdpDiscovery::start_discover(), create thread 0
[2023-04-18 06:57:55.014753 +07:00] [I] [T 11644]: SsdpDiscovery::start_discover(), create thread 1
[2023-04-18 07:12:47.181526 +07:00] [I] [T 11644]: stop_subscribe, machine = , module = app
[2023-04-18 10:02:27.984602 +07:00] [I] [T 11644]: ssdp: stop()
[2023-04-18 10:02:28.198723 +07:00] [I] [T 11644]: SsdpDiscovery::stop_discover(), join thread 0
[2023-04-18 10:02:28.400453 +07:00] [I] [T 11644]: SsdpDiscovery::stop_discover(), join thread 1
[2023-04-18 10:02:28.402028 +07:00] [I] [T 11644]: Agent: save_config
