[2023-04-17 09:57:47.048278 +07:00] [I] [T 4284]: init log
[2023-04-17 09:57:47.048570 +07:00] [I] [T 4284]: init_log
[2023-04-17 09:57:47.048588 +07:00] [I] [T 4284]: Agent: set_cert_dir_name, dir=C:\Program Files\OrcaSlicer_V1.6.1_Win64\resources/cert, name=slicer_base64.cer
[2023-04-17 09:57:47.048652 +07:00] [I] [T 4284]: set_on_server_connected_fn
[2023-04-17 09:57:47.048656 +07:00] [I] [T 4284]: set_on_printer_connected_fn
[2023-04-17 09:57:47.048656 +07:00] [I] [T 4284]: set_get_country_code_fn
[2023-04-17 09:57:47.048657 +07:00] [I] [T 4284]: set_on_local_connect_fn
[2023-04-17 09:57:47.048660 +07:00] [I] [T 4284]: set_on_message_fn
[2023-04-17 09:57:47.048660 +07:00] [I] [T 4284]: set_on_local_message_fn
[2023-04-17 09:57:47.048684 +07:00] [I] [T 4284]: set host to https://api.bambulab.com/v1
[2023-04-17 09:57:47.048685 +07:00] [I] [T 4284]: region update iot = https://api.bambulab.com/v1
[2023-04-17 09:57:47.048686 +07:00] [I] [T 4284]: region update api = https://api.bambulab.com/
[2023-04-17 09:57:47.048686 +07:00] [I] [T 4284]: region update mqtt = ssl://us.mqtt.bambulab.com:8883
[2023-04-17 09:57:47.048686 +07:00] [I] [T 4284]: region update tutk = US
[2023-04-17 09:57:47.048687 +07:00] [I] [T 4284]: region update base domain = bambulab.com
[2023-04-17 09:57:47.048687 +07:00] [I] [T 4284]: region update environment = 
[2023-04-17 09:57:47.048688 +07:00] [I] [T 4284]: region update wifi_code = DE
[2023-04-17 09:57:47.048688 +07:00] [I] [T 4284]: region update design = https://bambulab.com
[2023-04-17 09:57:47.048691 +07:00] [I] [T 4284]: Agent: load_config
[2023-04-17 09:57:47.052669 +07:00] [I] [T 4284]: load_user_info
[2023-04-17 09:57:50.123322 +07:00] [I] [T 4284]: set_on_http_error_fn
[2023-04-17 09:57:50.123342 +07:00] [I] [T 4284]: ssdp: stop()
[2023-04-17 09:57:50.131048 +07:00] [I] [T 4284]: SsdpDiscovery:start_ssdp with card number = 2
[2023-04-17 09:57:50.131145 +07:00] [I] [T 4284]: SsdpDiscovery::start_discover(), create thread 0
[2023-04-17 09:57:50.131209 +07:00] [I] [T 4284]: SsdpDiscovery::start_discover(), create thread 1
[2023-04-17 10:12:46.717517 +07:00] [I] [T 4284]: stop_subscribe, machine = , module = app
[2023-04-17 12:01:53.112388 +07:00] [I] [T 4284]: ssdp: stop()
[2023-04-17 12:01:53.321523 +07:00] [I] [T 4284]: SsdpDiscovery::stop_discover(), join thread 0
[2023-04-17 12:01:53.522884 +07:00] [I] [T 4284]: SsdpDiscovery::stop_discover(), join thread 1
[2023-04-17 12:01:53.522957 +07:00] [I] [T 4284]: Agent: save_config
