[2023-06-27 22:38:54.148952 +07:00] [I] [T 11340]: init log
[2023-06-27 22:38:54.149393 +07:00] [I] [T 11340]: Version: 01.06.00.10
[2023-06-27 22:38:54.149406 +07:00] [I] [T 11340]: Agent: set_cert_dir_name, dir=C:\Program Files\OrcaSlicer_V1.6.3_Win64\resources/cert, name=slicer_base64.cer
[2023-06-27 22:38:54.149508 +07:00] [I] [T 11340]: set_on_server_connected_fn
[2023-06-27 22:38:54.149515 +07:00] [I] [T 11340]: set_on_printer_connected_fn
[2023-06-27 22:38:54.149517 +07:00] [I] [T 11340]: set_get_country_code_fn
[2023-06-27 22:38:54.149518 +07:00] [I] [T 11340]: set_on_local_connect_fn
[2023-06-27 22:38:54.149520 +07:00] [I] [T 11340]: set_on_message_fn
[2023-06-27 22:38:54.149521 +07:00] [I] [T 11340]: set_on_local_message_fn
[2023-06-27 22:38:54.149546 +07:00] [I] [T 11340]: set host to https://api.bambulab.com/v1
[2023-06-27 22:38:54.149547 +07:00] [I] [T 11340]: region update iot = https://api.bambulab.com/v1
[2023-06-27 22:38:54.149547 +07:00] [I] [T 11340]: region update api = https://api.bambulab.com/
[2023-06-27 22:38:54.149548 +07:00] [I] [T 11340]: region update mqtt = ssl://us.mqtt.bambulab.com:8883
[2023-06-27 22:38:54.149549 +07:00] [I] [T 11340]: region update tutk = US
[2023-06-27 22:38:54.149549 +07:00] [I] [T 11340]: region update base domain = bambulab.com
[2023-06-27 22:38:54.149550 +07:00] [I] [T 11340]: region update environment = 
[2023-06-27 22:38:54.149550 +07:00] [I] [T 11340]: region update wifi_code = DE
[2023-06-27 22:38:54.149551 +07:00] [I] [T 11340]: region update design = https://bambulab.com
[2023-06-27 22:38:54.149553 +07:00] [I] [T 11340]: Agent: load_config
[2023-06-27 22:38:54.150192 +07:00] [I] [T 11340]: load_user_info
[2023-06-27 22:38:54.150196 +07:00] [I] [T 11340]: save_user_info
[2023-06-27 22:38:57.869627 +07:00] [I] [T 11340]: set_on_http_error_fn
[2023-06-27 22:38:57.869638 +07:00] [I] [T 11340]: ssdp: stop()
[2023-06-27 22:38:57.877417 +07:00] [I] [T 11340]: SsdpDiscovery:start_ssdp with card number = 2
[2023-06-27 22:38:57.877551 +07:00] [I] [T 11340]: SsdpDiscovery::start_discover(), create thread 0
[2023-06-27 22:38:57.877613 +07:00] [I] [T 11340]: SsdpDiscovery::start_discover(), create thread 1
[2023-06-27 22:53:33.250169 +07:00] [I] [T 11340]: ssdp: stop()
[2023-06-27 22:53:33.460002 +07:00] [I] [T 11340]: SsdpDiscovery::stop_discover(), join thread 0
[2023-06-27 22:53:33.666855 +07:00] [I] [T 11340]: SsdpDiscovery::stop_discover(), join thread 1
[2023-06-27 22:53:33.667222 +07:00] [I] [T 11340]: Agent: save_config
