[2023-05-30 06:22:18.767657 +07:00] [I] [T 4064]: init log
[2023-05-30 06:22:18.767952 +07:00] [I] [T 4064]: Version: 01.06.00.10
[2023-05-30 06:22:18.768235 +07:00] [I] [T 4064]: Agent: set_cert_dir_name, dir=C:\Program Files\OrcaSlicer_V1.6.3_Win64\resources/cert, name=slicer_base64.cer
[2023-05-30 06:22:18.768744 +07:00] [I] [T 4064]: set_on_server_connected_fn
[2023-05-30 06:22:18.769253 +07:00] [I] [T 4064]: set_on_printer_connected_fn
[2023-05-30 06:22:18.769258 +07:00] [I] [T 4064]: set_get_country_code_fn
[2023-05-30 06:22:18.769259 +07:00] [I] [T 4064]: set_on_local_connect_fn
[2023-05-30 06:22:18.769259 +07:00] [I] [T 4064]: set_on_message_fn
[2023-05-30 06:22:18.769260 +07:00] [I] [T 4064]: set_on_local_message_fn
[2023-05-30 06:22:18.769778 +07:00] [I] [T 4064]: set host to https://api.bambulab.com/v1
[2023-05-30 06:22:18.769781 +07:00] [I] [T 4064]: region update iot = https://api.bambulab.com/v1
[2023-05-30 06:22:18.769781 +07:00] [I] [T 4064]: region update api = https://api.bambulab.com/
[2023-05-30 06:22:18.769782 +07:00] [I] [T 4064]: region update mqtt = ssl://us.mqtt.bambulab.com:8883
[2023-05-30 06:22:18.769782 +07:00] [I] [T 4064]: region update tutk = US
[2023-05-30 06:22:18.769783 +07:00] [I] [T 4064]: region update base domain = bambulab.com
[2023-05-30 06:22:18.769783 +07:00] [I] [T 4064]: region update environment = 
[2023-05-30 06:22:18.769783 +07:00] [I] [T 4064]: region update wifi_code = DE
[2023-05-30 06:22:18.769784 +07:00] [I] [T 4064]: region update design = https://bambulab.com
[2023-05-30 06:22:18.769787 +07:00] [I] [T 4064]: Agent: load_config
[2023-05-30 06:22:18.774947 +07:00] [I] [T 4064]: load_user_info
[2023-05-30 06:22:18.774958 +07:00] [I] [T 4064]: save_user_info
[2023-05-30 06:22:25.088499 +07:00] [I] [T 4064]: set_on_http_error_fn
[2023-05-30 06:22:25.088746 +07:00] [I] [T 4064]: ssdp: stop()
[2023-05-30 06:22:25.096846 +07:00] [I] [T 4064]: SsdpDiscovery:start_ssdp with card number = 2
[2023-05-30 06:22:25.096948 +07:00] [I] [T 4064]: SsdpDiscovery::start_discover(), create thread 0
[2023-05-30 06:22:25.097015 +07:00] [I] [T 4064]: SsdpDiscovery::start_discover(), create thread 1
[2023-05-30 06:37:16.773746 +07:00] [I] [T 4064]: stop_subscribe, machine = , module = app
[2023-05-30 06:47:10.965638 +07:00] [I] [T 4064]: ssdp: stop()
[2023-05-30 06:47:11.174915 +07:00] [I] [T 4064]: SsdpDiscovery::stop_discover(), join thread 0
[2023-05-30 06:47:11.384206 +07:00] [I] [T 4064]: SsdpDiscovery::stop_discover(), join thread 1
[2023-05-30 06:47:11.384221 +07:00] [I] [T 4064]: Agent: save_config
