[2023-04-15 15:54:19.767367 +07:00] [I] [T 12404]: init log
[2023-04-15 15:54:19.767732 +07:00] [I] [T 12404]: init_log
[2023-04-15 15:54:19.767753 +07:00] [I] [T 12404]: Agent: set_cert_dir_name, dir=C:\Program Files\OrcaSlicer_V1.6.1_Win64\resources/cert, name=slicer_base64.cer
[2023-04-15 15:54:19.767808 +07:00] [I] [T 12404]: set_on_server_connected_fn
[2023-04-15 15:54:19.767813 +07:00] [I] [T 12404]: set_on_printer_connected_fn
[2023-04-15 15:54:19.767814 +07:00] [I] [T 12404]: set_get_country_code_fn
[2023-04-15 15:54:19.767815 +07:00] [I] [T 12404]: set_on_local_connect_fn
[2023-04-15 15:54:19.767816 +07:00] [I] [T 12404]: set_on_message_fn
[2023-04-15 15:54:19.767816 +07:00] [I] [T 12404]: set_on_local_message_fn
[2023-04-15 15:54:19.767846 +07:00] [I] [T 12404]: set host to https://api.bambulab.com/v1
[2023-04-15 15:54:19.767847 +07:00] [I] [T 12404]: region update iot = https://api.bambulab.com/v1
[2023-04-15 15:54:19.767848 +07:00] [I] [T 12404]: region update api = https://api.bambulab.com/
[2023-04-15 15:54:19.767849 +07:00] [I] [T 12404]: region update mqtt = ssl://us.mqtt.bambulab.com:8883
[2023-04-15 15:54:19.767849 +07:00] [I] [T 12404]: region update tutk = US
[2023-04-15 15:54:19.767850 +07:00] [I] [T 12404]: region update base domain = bambulab.com
[2023-04-15 15:54:19.767850 +07:00] [I] [T 12404]: region update environment = 
[2023-04-15 15:54:19.767851 +07:00] [I] [T 12404]: region update wifi_code = DE
[2023-04-15 15:54:19.767851 +07:00] [I] [T 12404]: region update design = https://bambulab.com
[2023-04-15 15:54:19.767855 +07:00] [I] [T 12404]: Agent: load_config
[2023-04-15 15:54:19.767890 +07:00] [I] [T 12404]: load_user_info
[2023-04-15 15:54:19.767928 +07:00] [I] [T 12404]: set_on_server_connected_fn
[2023-04-15 15:54:19.767929 +07:00] [I] [T 12404]: set_on_printer_connected_fn
[2023-04-15 15:54:19.767930 +07:00] [I] [T 12404]: set_get_country_code_fn
[2023-04-15 15:54:19.767930 +07:00] [I] [T 12404]: set_on_local_connect_fn
[2023-04-15 15:54:19.767931 +07:00] [I] [T 12404]: set_on_message_fn
[2023-04-15 15:54:19.767932 +07:00] [I] [T 12404]: set_on_local_message_fn
[2023-04-15 15:54:19.767939 +07:00] [I] [T 12404]: set_on_http_error_fn
[2023-04-15 15:54:19.767947 +07:00] [I] [T 12404]: ssdp: stop()
[2023-04-15 15:54:19.775832 +07:00] [I] [T 12404]: SsdpDiscovery:start_ssdp with card number = 2
[2023-04-15 15:54:19.775947 +07:00] [I] [T 12404]: SsdpDiscovery::start_discover(), create thread 0
[2023-04-15 15:54:19.776046 +07:00] [I] [T 12404]: SsdpDiscovery::start_discover(), create thread 1
[2023-04-15 16:07:45.643907 +07:00] [I] [T 12404]: stop_subscribe, machine = , module = app
[2023-04-15 21:09:46.768508 +07:00] [I] [T 12404]: ssdp: stop()
[2023-04-15 21:09:46.982597 +07:00] [I] [T 12404]: SsdpDiscovery::stop_discover(), join thread 0
[2023-04-15 21:09:47.188200 +07:00] [I] [T 12404]: SsdpDiscovery::stop_discover(), join thread 1
[2023-04-15 21:09:47.188228 +07:00] [I] [T 12404]: Agent: save_config
