[2023-07-03 01:33:43.869044 +07:00] [I] [T 5208]: init log
[2023-07-03 01:33:43.869325 +07:00] [I] [T 5208]: Version: 01.06.00.10
[2023-07-03 01:33:43.869334 +07:00] [I] [T 5208]: Agent: set_cert_dir_name, dir=C:\Program Files\OrcaSlicer_V1.6.3_Win64\resources/cert, name=slicer_base64.cer
[2023-07-03 01:33:43.869403 +07:00] [I] [T 5208]: set_on_server_connected_fn
[2023-07-03 01:33:43.869407 +07:00] [I] [T 5208]: set_on_printer_connected_fn
[2023-07-03 01:33:43.869408 +07:00] [I] [T 5208]: set_get_country_code_fn
[2023-07-03 01:33:43.869409 +07:00] [I] [T 5208]: set_on_local_connect_fn
[2023-07-03 01:33:43.869410 +07:00] [I] [T 5208]: set_on_message_fn
[2023-07-03 01:33:43.869411 +07:00] [I] [T 5208]: set_on_local_message_fn
[2023-07-03 01:33:43.869428 +07:00] [I] [T 5208]: set host to https://api.bambulab.com/v1
[2023-07-03 01:33:43.869428 +07:00] [I] [T 5208]: region update iot = https://api.bambulab.com/v1
[2023-07-03 01:33:43.869429 +07:00] [I] [T 5208]: region update api = https://api.bambulab.com/
[2023-07-03 01:33:43.869429 +07:00] [I] [T 5208]: region update mqtt = ssl://us.mqtt.bambulab.com:8883
[2023-07-03 01:33:43.869430 +07:00] [I] [T 5208]: region update tutk = US
[2023-07-03 01:33:43.869430 +07:00] [I] [T 5208]: region update base domain = bambulab.com
[2023-07-03 01:33:43.869430 +07:00] [I] [T 5208]: region update environment = 
[2023-07-03 01:33:43.869431 +07:00] [I] [T 5208]: region update wifi_code = DE
[2023-07-03 01:33:43.869431 +07:00] [I] [T 5208]: region update design = https://bambulab.com
[2023-07-03 01:33:43.869433 +07:00] [I] [T 5208]: Agent: load_config
[2023-07-03 01:33:43.869689 +07:00] [I] [T 5208]: load_user_info
[2023-07-03 01:33:43.869692 +07:00] [I] [T 5208]: save_user_info
[2023-07-03 01:33:47.465795 +07:00] [I] [T 5208]: set_on_http_error_fn
[2023-07-03 01:33:47.465803 +07:00] [I] [T 5208]: ssdp: stop()
[2023-07-03 01:33:47.474545 +07:00] [I] [T 5208]: SsdpDiscovery:start_ssdp with card number = 2
[2023-07-03 01:33:47.474633 +07:00] [I] [T 5208]: SsdpDiscovery::start_discover(), create thread 0
[2023-07-03 01:33:47.474700 +07:00] [I] [T 5208]: SsdpDiscovery::start_discover(), create thread 1
[2023-07-03 01:35:59.402249 +07:00] [I] [T 5208]: ssdp: stop()
[2023-07-03 01:35:59.616218 +07:00] [I] [T 5208]: SsdpDiscovery::stop_discover(), join thread 0
[2023-07-03 01:35:59.820471 +07:00] [I] [T 5208]: SsdpDiscovery::stop_discover(), join thread 1
[2023-07-03 01:35:59.820488 +07:00] [I] [T 5208]: Agent: save_config
