[2023-05-27 00:58:37.244602 +07:00] [I] [T 9540]: init log
[2023-05-27 00:58:37.245046 +07:00] [I] [T 9540]: Version: 01.06.00.10
[2023-05-27 00:58:37.245057 +07:00] [I] [T 9540]: Agent: set_cert_dir_name, dir=C:\Program Files\OrcaSlicer_V1.6.3-beta_Win64\resources/cert, name=slicer_base64.cer
[2023-05-27 00:58:37.245398 +07:00] [I] [T 9540]: set_on_server_connected_fn
[2023-05-27 00:58:37.245407 +07:00] [I] [T 9540]: set_on_printer_connected_fn
[2023-05-27 00:58:37.245412 +07:00] [I] [T 9540]: set_get_country_code_fn
[2023-05-27 00:58:37.245413 +07:00] [I] [T 9540]: set_on_local_connect_fn
[2023-05-27 00:58:37.245414 +07:00] [I] [T 9540]: set_on_message_fn
[2023-05-27 00:58:37.245415 +07:00] [I] [T 9540]: set_on_local_message_fn
[2023-05-27 00:58:37.245589 +07:00] [I] [T 9540]: set host to https://api.bambulab.com/v1
[2023-05-27 00:58:37.245593 +07:00] [I] [T 9540]: region update iot = https://api.bambulab.com/v1
[2023-05-27 00:58:37.245593 +07:00] [I] [T 9540]: region update api = https://api.bambulab.com/
[2023-05-27 00:58:37.245594 +07:00] [I] [T 9540]: region update mqtt = ssl://us.mqtt.bambulab.com:8883
[2023-05-27 00:58:37.245595 +07:00] [I] [T 9540]: region update tutk = US
[2023-05-27 00:58:37.245595 +07:00] [I] [T 9540]: region update base domain = bambulab.com
[2023-05-27 00:58:37.245596 +07:00] [I] [T 9540]: region update environment = 
[2023-05-27 00:58:37.245597 +07:00] [I] [T 9540]: region update wifi_code = DE
[2023-05-27 00:58:37.245597 +07:00] [I] [T 9540]: region update design = https://bambulab.com
[2023-05-27 00:58:37.245605 +07:00] [I] [T 9540]: Agent: load_config
[2023-05-27 00:58:37.253247 +07:00] [I] [T 9540]: load_user_info
[2023-05-27 00:58:37.253261 +07:00] [I] [T 9540]: save_user_info
[2023-05-27 00:58:47.086995 +07:00] [I] [T 9540]: set_on_http_error_fn
[2023-05-27 00:58:47.087027 +07:00] [I] [T 9540]: ssdp: stop()
[2023-05-27 00:58:47.095508 +07:00] [I] [T 9540]: SsdpDiscovery:start_ssdp with card number = 2
[2023-05-27 00:58:47.095612 +07:00] [I] [T 9540]: SsdpDiscovery::start_discover(), create thread 0
[2023-05-27 00:58:47.095677 +07:00] [I] [T 9540]: SsdpDiscovery::start_discover(), create thread 1
[2023-05-27 01:13:34.500500 +07:00] [I] [T 9540]: stop_subscribe, machine = , module = app
[2023-05-27 01:20:06.319132 +07:00] [I] [T 9540]: ssdp: stop()
[2023-05-27 01:20:06.520693 +07:00] [I] [T 9540]: SsdpDiscovery::stop_discover(), join thread 0
[2023-05-27 01:20:06.721206 +07:00] [I] [T 9540]: SsdpDiscovery::stop_discover(), join thread 1
[2023-05-27 01:20:06.721234 +07:00] [I] [T 9540]: Agent: save_config
