[2023-04-17 15:07:08.683252 +07:00] [I] [T 2076]: init log
[2023-04-17 15:07:08.683658 +07:00] [I] [T 2076]: init_log
[2023-04-17 15:07:08.683675 +07:00] [I] [T 2076]: Agent: set_cert_dir_name, dir=C:\Program Files\OrcaSlicer_V1.6.1_Win64\resources/cert, name=slicer_base64.cer
[2023-04-17 15:07:08.683749 +07:00] [I] [T 2076]: set_on_server_connected_fn
[2023-04-17 15:07:08.683752 +07:00] [I] [T 2076]: set_on_printer_connected_fn
[2023-04-17 15:07:08.683754 +07:00] [I] [T 2076]: set_get_country_code_fn
[2023-04-17 15:07:08.683755 +07:00] [I] [T 2076]: set_on_local_connect_fn
[2023-04-17 15:07:08.683758 +07:00] [I] [T 2076]: set_on_message_fn
[2023-04-17 15:07:08.683759 +07:00] [I] [T 2076]: set_on_local_message_fn
[2023-04-17 15:07:08.683783 +07:00] [I] [T 2076]: set host to https://api.bambulab.com/v1
[2023-04-17 15:07:08.683784 +07:00] [I] [T 2076]: region update iot = https://api.bambulab.com/v1
[2023-04-17 15:07:08.683785 +07:00] [I] [T 2076]: region update api = https://api.bambulab.com/
[2023-04-17 15:07:08.683785 +07:00] [I] [T 2076]: region update mqtt = ssl://us.mqtt.bambulab.com:8883
[2023-04-17 15:07:08.683786 +07:00] [I] [T 2076]: region update tutk = US
[2023-04-17 15:07:08.683787 +07:00] [I] [T 2076]: region update base domain = bambulab.com
[2023-04-17 15:07:08.683787 +07:00] [I] [T 2076]: region update environment = 
[2023-04-17 15:07:08.683788 +07:00] [I] [T 2076]: region update wifi_code = DE
[2023-04-17 15:07:08.683789 +07:00] [I] [T 2076]: region update design = https://bambulab.com
[2023-04-17 15:07:08.683791 +07:00] [I] [T 2076]: Agent: load_config
[2023-04-17 15:07:08.689569 +07:00] [I] [T 2076]: load_user_info
[2023-04-17 15:07:17.848643 +07:00] [I] [T 2076]: set_on_http_error_fn
[2023-04-17 15:07:17.848660 +07:00] [I] [T 2076]: ssdp: stop()
[2023-04-17 15:07:17.858540 +07:00] [I] [T 2076]: SsdpDiscovery:start_ssdp with card number = 2
[2023-04-17 15:07:17.858662 +07:00] [I] [T 2076]: SsdpDiscovery::start_discover(), create thread 0
[2023-04-17 15:07:17.858751 +07:00] [I] [T 2076]: SsdpDiscovery::start_discover(), create thread 1
[2023-04-17 15:22:06.795279 +07:00] [I] [T 2076]: stop_subscribe, machine = , module = app
[2023-04-17 18:40:36.226172 +07:00] [I] [T 2076]: ssdp: stop()
[2023-04-17 18:40:36.429375 +07:00] [I] [T 2076]: SsdpDiscovery::stop_discover(), join thread 0
[2023-04-17 18:40:36.631533 +07:00] [I] [T 2076]: SsdpDiscovery::stop_discover(), join thread 1
[2023-04-17 18:40:36.631563 +07:00] [I] [T 2076]: Agent: save_config
