[2023-05-29 20:58:37.230099 +07:00] [I] [T 7932]: init log
[2023-05-29 20:58:37.230423 +07:00] [I] [T 7932]: Version: 01.06.00.10
[2023-05-29 20:58:37.230708 +07:00] [I] [T 7932]: Agent: set_cert_dir_name, dir=C:\Program Files\OrcaSlicer_V1.6.3_Win64\resources/cert, name=slicer_base64.cer
[2023-05-29 20:58:37.230775 +07:00] [I] [T 7932]: set_on_server_connected_fn
[2023-05-29 20:58:37.231018 +07:00] [I] [T 7932]: set_on_printer_connected_fn
[2023-05-29 20:58:37.231021 +07:00] [I] [T 7932]: set_get_country_code_fn
[2023-05-29 20:58:37.231023 +07:00] [I] [T 7932]: set_on_local_connect_fn
[2023-05-29 20:58:37.231023 +07:00] [I] [T 7932]: set_on_message_fn
[2023-05-29 20:58:37.231024 +07:00] [I] [T 7932]: set_on_local_message_fn
[2023-05-29 20:58:37.231321 +07:00] [I] [T 7932]: set host to https://api.bambulab.com/v1
[2023-05-29 20:58:37.231324 +07:00] [I] [T 7932]: region update iot = https://api.bambulab.com/v1
[2023-05-29 20:58:37.231324 +07:00] [I] [T 7932]: region update api = https://api.bambulab.com/
[2023-05-29 20:58:37.231325 +07:00] [I] [T 7932]: region update mqtt = ssl://us.mqtt.bambulab.com:8883
[2023-05-29 20:58:37.231325 +07:00] [I] [T 7932]: region update tutk = US
[2023-05-29 20:58:37.231325 +07:00] [I] [T 7932]: region update base domain = bambulab.com
[2023-05-29 20:58:37.231326 +07:00] [I] [T 7932]: region update environment = 
[2023-05-29 20:58:37.231326 +07:00] [I] [T 7932]: region update wifi_code = DE
[2023-05-29 20:58:37.231327 +07:00] [I] [T 7932]: region update design = https://bambulab.com
[2023-05-29 20:58:37.231330 +07:00] [I] [T 7932]: Agent: load_config
[2023-05-29 20:58:37.236898 +07:00] [I] [T 7932]: load_user_info
[2023-05-29 20:58:37.236909 +07:00] [I] [T 7932]: save_user_info
[2023-05-29 20:58:44.045811 +07:00] [I] [T 7932]: set_on_http_error_fn
[2023-05-29 20:58:44.046109 +07:00] [I] [T 7932]: ssdp: stop()
[2023-05-29 20:58:44.054912 +07:00] [I] [T 7932]: SsdpDiscovery:start_ssdp with card number = 2
[2023-05-29 20:58:44.055024 +07:00] [I] [T 7932]: SsdpDiscovery::start_discover(), create thread 0
[2023-05-29 20:58:44.055125 +07:00] [I] [T 7932]: SsdpDiscovery::start_discover(), create thread 1
[2023-05-29 20:59:44.532393 +07:00] [I] [T 7932]: ssdp: stop()
[2023-05-29 20:59:44.735582 +07:00] [I] [T 7932]: SsdpDiscovery::stop_discover(), join thread 0
[2023-05-29 20:59:44.950444 +07:00] [I] [T 7932]: SsdpDiscovery::stop_discover(), join thread 1
[2023-05-29 20:59:44.950459 +07:00] [I] [T 7932]: Agent: save_config
