[2023-05-27 18:02:17.831514 +07:00] [I] [T 10232]: init log
[2023-05-27 18:02:17.831807 +07:00] [I] [T 10232]: Version: 01.06.00.10
[2023-05-27 18:02:17.831816 +07:00] [I] [T 10232]: Agent: set_cert_dir_name, dir=C:\Program Files\OrcaSlicer_V1.6.3-beta_Win64\resources/cert, name=slicer_base64.cer
[2023-05-27 18:02:17.831887 +07:00] [I] [T 10232]: set_on_server_connected_fn
[2023-05-27 18:02:17.831891 +07:00] [I] [T 10232]: set_on_printer_connected_fn
[2023-05-27 18:02:17.831893 +07:00] [I] [T 10232]: set_get_country_code_fn
[2023-05-27 18:02:17.831894 +07:00] [I] [T 10232]: set_on_local_connect_fn
[2023-05-27 18:02:17.831895 +07:00] [I] [T 10232]: set_on_message_fn
[2023-05-27 18:02:17.831896 +07:00] [I] [T 10232]: set_on_local_message_fn
[2023-05-27 18:02:17.831915 +07:00] [I] [T 10232]: set host to https://api.bambulab.com/v1
[2023-05-27 18:02:17.831916 +07:00] [I] [T 10232]: region update iot = https://api.bambulab.com/v1
[2023-05-27 18:02:17.831916 +07:00] [I] [T 10232]: region update api = https://api.bambulab.com/
[2023-05-27 18:02:17.831916 +07:00] [I] [T 10232]: region update mqtt = ssl://us.mqtt.bambulab.com:8883
[2023-05-27 18:02:17.831917 +07:00] [I] [T 10232]: region update tutk = US
[2023-05-27 18:02:17.831917 +07:00] [I] [T 10232]: region update base domain = bambulab.com
[2023-05-27 18:02:17.831918 +07:00] [I] [T 10232]: region update environment = 
[2023-05-27 18:02:17.831918 +07:00] [I] [T 10232]: region update wifi_code = DE
[2023-05-27 18:02:17.831919 +07:00] [I] [T 10232]: region update design = https://bambulab.com
[2023-05-27 18:02:17.831921 +07:00] [I] [T 10232]: Agent: load_config
[2023-05-27 18:02:17.832187 +07:00] [I] [T 10232]: load_user_info
[2023-05-27 18:02:17.832189 +07:00] [I] [T 10232]: save_user_info
[2023-05-27 18:02:20.977844 +07:00] [I] [T 10232]: set_on_http_error_fn
[2023-05-27 18:02:20.977854 +07:00] [I] [T 10232]: ssdp: stop()
[2023-05-27 18:02:20.986414 +07:00] [I] [T 10232]: SsdpDiscovery:start_ssdp with card number = 2
[2023-05-27 18:02:20.986503 +07:00] [I] [T 10232]: SsdpDiscovery::start_discover(), create thread 0
[2023-05-27 18:02:20.986574 +07:00] [I] [T 10232]: SsdpDiscovery::start_discover(), create thread 1
[2023-05-27 18:17:17.363899 +07:00] [I] [T 10232]: stop_subscribe, machine = , module = app
[2023-05-27 18:53:51.170287 +07:00] [I] [T 10232]: ssdp: stop()
[2023-05-27 18:53:51.385036 +07:00] [I] [T 10232]: SsdpDiscovery::stop_discover(), join thread 0
[2023-05-27 18:53:51.587076 +07:00] [I] [T 10232]: SsdpDiscovery::stop_discover(), join thread 1
[2023-05-27 18:53:51.587097 +07:00] [I] [T 10232]: Agent: save_config
