[2023-05-26 17:02:41.342294 +07:00] [I] [T 17276]: init log
[2023-05-26 17:02:41.342996 +07:00] [I] [T 17276]: Version: 01.06.00.10
[2023-05-26 17:02:41.343016 +07:00] [I] [T 17276]: Agent: set_cert_dir_name, dir=C:\Program Files\OrcaSlicer_V1.6.3-beta_Win64\resources/cert, name=slicer_base64.cer
[2023-05-26 17:02:41.343438 +07:00] [I] [T 17276]: set_on_server_connected_fn
[2023-05-26 17:02:41.343449 +07:00] [I] [T 17276]: set_on_printer_connected_fn
[2023-05-26 17:02:41.343454 +07:00] [I] [T 17276]: set_get_country_code_fn
[2023-05-26 17:02:41.343456 +07:00] [I] [T 17276]: set_on_local_connect_fn
[2023-05-26 17:02:41.343457 +07:00] [I] [T 17276]: set_on_message_fn
[2023-05-26 17:02:41.343458 +07:00] [I] [T 17276]: set_on_local_message_fn
[2023-05-26 17:02:41.343679 +07:00] [I] [T 17276]: set host to https://api.bambulab.com/v1
[2023-05-26 17:02:41.343683 +07:00] [I] [T 17276]: region update iot = https://api.bambulab.com/v1
[2023-05-26 17:02:41.343684 +07:00] [I] [T 17276]: region update api = https://api.bambulab.com/
[2023-05-26 17:02:41.343685 +07:00] [I] [T 17276]: region update mqtt = ssl://us.mqtt.bambulab.com:8883
[2023-05-26 17:02:41.343685 +07:00] [I] [T 17276]: region update tutk = US
[2023-05-26 17:02:41.343686 +07:00] [I] [T 17276]: region update base domain = bambulab.com
[2023-05-26 17:02:41.343687 +07:00] [I] [T 17276]: region update environment = 
[2023-05-26 17:02:41.343687 +07:00] [I] [T 17276]: region update wifi_code = DE
[2023-05-26 17:02:41.343688 +07:00] [I] [T 17276]: region update design = https://bambulab.com
[2023-05-26 17:02:41.343695 +07:00] [I] [T 17276]: Agent: load_config
[2023-05-26 17:02:41.349569 +07:00] [I] [T 17276]: load_user_info
[2023-05-26 17:02:41.349583 +07:00] [I] [T 17276]: save_user_info
[2023-05-26 17:02:50.701680 +07:00] [I] [T 17276]: set_on_http_error_fn
[2023-05-26 17:02:50.701699 +07:00] [I] [T 17276]: ssdp: stop()
[2023-05-26 17:02:50.710746 +07:00] [I] [T 17276]: SsdpDiscovery:start_ssdp with card number = 2
[2023-05-26 17:02:50.710864 +07:00] [I] [T 17276]: SsdpDiscovery::start_discover(), create thread 0
[2023-05-26 17:02:50.710969 +07:00] [I] [T 17276]: SsdpDiscovery::start_discover(), create thread 1
[2023-05-26 17:17:38.708536 +07:00] [I] [T 17276]: stop_subscribe, machine = , module = app
[2023-05-26 18:31:02.542887 +07:00] [I] [T 17276]: ssdp: stop()
[2023-05-26 18:31:02.746502 +07:00] [I] [T 17276]: SsdpDiscovery::stop_discover(), join thread 0
[2023-05-26 18:31:02.952824 +07:00] [I] [T 17276]: SsdpDiscovery::stop_discover(), join thread 1
[2023-05-26 18:31:02.952848 +07:00] [I] [T 17276]: Agent: save_config
